{
  "RSpec": {
    "coverage": {
      "/Users/mluukkai/opetus/wadror/mallivastaus/viikko5/app/models/rating.rb": [
        1,
        1,
        1,
        null,
        1,
        null,
        null,
        null,
        1,
        30,
        null,
        null
      ],
      "/Users/mluukkai/opetus/wadror/mallivastaus/viikko5/app/helpers/application_helper.rb": [
        1,
        null
      ],
      "/Users/mluukkai/opetus/wadror/mallivastaus/viikko5/app/helpers/beer_clubs_helper.rb": [
        1,
        null
      ],
      "/Users/mluukkai/opetus/wadror/mallivastaus/viikko5/app/helpers/beers_helper.rb": [
        1,
        null
      ],
      "/Users/mluukkai/opetus/wadror/mallivastaus/viikko5/app/helpers/breweries_helper.rb": [
        1,
        null
      ],
      "/Users/mluukkai/opetus/wadror/mallivastaus/viikko5/app/helpers/memberships_helper.rb": [
        1,
        null
      ],
      "/Users/mluukkai/opetus/wadror/mallivastaus/viikko5/app/helpers/styles_helper.rb": [
        1,
        null
      ],
      "/Users/mluukkai/opetus/wadror/mallivastaus/viikko5/app/helpers/users_helper.rb": [
        1,
        null
      ],
      "/Users/mluukkai/opetus/wadror/mallivastaus/viikko5/app/models/beer.rb": [
        1,
        1,
        null,
        1,
        1,
        1,
        1,
        null,
        1,
        1,
        null,
        1,
        2,
        null,
        null,
        1,
        0,
        0,
        null,
        null
      ],
      "/Users/mluukkai/opetus/wadror/mallivastaus/viikko5/app/models/concerns/rating_average.rb": [
        1,
        1,
        null,
        1,
        11,
        null,
        null
      ],
      "/Users/mluukkai/opetus/wadror/mallivastaus/viikko5/app/models/brewery.rb": [
        1,
        1,
        null,
        1,
        1,
        null,
        1,
        1,
        43,
        null,
        null
      ],
      "/Users/mluukkai/opetus/wadror/mallivastaus/viikko5/app/models/user.rb": [
        1,
        1,
        null,
        1,
        null,
        1,
        1,
        null,
        1,
        1,
        null,
        1,
        null,
        1,
        1,
        null,
        null,
        1,
        12,
        11,
        null,
        null,
        1,
        12,
        null,
        45,
        11,
        11,
        null,
        null,
        null,
        21,
        null,
        32,
        null,
        null,
        1,
        12,
        null,
        45,
        11,
        11,
        null,
        null,
        null,
        21,
        null,
        32,
        null,
        null,
        1,
        0,
        null,
        null
      ],
      "/Users/mluukkai/opetus/wadror/mallivastaus/viikko5/app/controllers/styles_controller.rb": [
        1,
        1,
        null,
        null,
        null,
        1,
        1,
        null,
        null,
        null,
        null,
        1,
        null,
        null,
        null,
        1,
        0,
        null,
        null,
        null,
        1,
        null,
        null,
        null,
        null,
        1,
        0,
        null,
        0,
        0,
        0,
        0,
        null,
        0,
        0,
        null,
        null,
        null,
        null,
        null,
        null,
        1,
        0,
        0,
        0,
        0,
        null,
        0,
        0,
        null,
        null,
        null,
        null,
        null,
        null,
        1,
        0,
        0,
        0,
        0,
        null,
        null,
        null,
        1,
        null,
        1,
        0,
        null,
        null,
        null,
        1,
        0,
        null,
        null
      ],
      "/Users/mluukkai/opetus/wadror/mallivastaus/viikko5/app/controllers/application_controller.rb": [
        1,
        null,
        null,
        1,
        null,
        1,
        null,
        1,
        131,
        79,
        null,
        null,
        1,
        4,
        null,
        null
      ],
      "/Users/mluukkai/opetus/wadror/mallivastaus/viikko5/app/models/style.rb": [
        1,
        1,
        null,
        1,
        10,
        null,
        null
      ],
      "/Users/mluukkai/opetus/wadror/mallivastaus/viikko5/app/controllers/sessions_controller.rb": [
        1,
        1,
        null,
        null,
        null,
        1,
        8,
        8,
        7,
        7,
        null,
        1,
        null,
        null,
        null,
        1,
        null,
        0,
        null,
        0,
        null,
        null
      ],
      "/Users/mluukkai/opetus/wadror/mallivastaus/viikko5/app/controllers/users_controller.rb": [
        1,
        1,
        null,
        null,
        null,
        1,
        0,
        null,
        null,
        null,
        null,
        1,
        null,
        null,
        null,
        1,
        1,
        null,
        null,
        null,
        1,
        null,
        null,
        null,
        null,
        1,
        1,
        null,
        1,
        1,
        2,
        1,
        null,
        0,
        0,
        null,
        null,
        null,
        null,
        null,
        null,
        1,
        0,
        0,
        0,
        0,
        null,
        0,
        0,
        null,
        null,
        null,
        null,
        null,
        null,
        1,
        0,
        0,
        0,
        0,
        null,
        null,
        null,
        1,
        null,
        1,
        16,
        null,
        null,
        null,
        1,
        1,
        null,
        null
      ],
      "/Users/mluukkai/opetus/wadror/mallivastaus/viikko5/app/models/membership.rb": [
        1,
        1,
        1,
        null
      ],
      "/Users/mluukkai/opetus/wadror/mallivastaus/viikko5/app/models/beer_club.rb": [
        1,
        1,
        1,
        null
      ],
      "/Users/mluukkai/opetus/wadror/mallivastaus/viikko5/app/controllers/beers_controller.rb": [
        1,
        1,
        1,
        1,
        null,
        null,
        1,
        1,
        null,
        null,
        null,
        null,
        1,
        0,
        0,
        null,
        null,
        null,
        1,
        2,
        null,
        null,
        null,
        1,
        null,
        null,
        null,
        null,
        1,
        2,
        null,
        2,
        2,
        2,
        1,
        null,
        2,
        1,
        null,
        null,
        null,
        null,
        null,
        null,
        1,
        0,
        0,
        0,
        0,
        null,
        0,
        0,
        null,
        null,
        null,
        null,
        null,
        null,
        1,
        0,
        0,
        0,
        0,
        null,
        null,
        null,
        1,
        1,
        4,
        4,
        null,
        null,
        null,
        1,
        0,
        null,
        null,
        null,
        1,
        2,
        null,
        null
      ],
      "/Users/mluukkai/opetus/wadror/mallivastaus/viikko5/app/controllers/breweries_controller.rb": [
        1,
        1,
        1,
        null,
        null,
        null,
        1,
        3,
        null,
        null,
        null,
        null,
        1,
        null,
        null,
        null,
        1,
        0,
        null,
        null,
        null,
        1,
        null,
        null,
        null,
        null,
        1,
        0,
        null,
        0,
        0,
        0,
        0,
        null,
        0,
        0,
        null,
        null,
        null,
        null,
        null,
        null,
        1,
        0,
        0,
        0,
        0,
        null,
        0,
        0,
        null,
        null,
        null,
        null,
        null,
        null,
        1,
        0,
        0,
        0,
        0,
        null,
        null,
        null,
        1,
        null,
        1,
        1,
        null,
        null,
        null,
        1,
        0,
        null,
        null,
        null
      ],
      "/Users/mluukkai/opetus/wadror/mallivastaus/viikko5/lib/beermapping_api.rb": [
        1,
        1,
        9,
        14,
        null,
        null,
        1,
        0,
        null,
        null,
        1,
        null,
        1,
        5,
        null,
        5,
        5,
        null,
        5,
        null,
        3,
        3,
        5,
        null,
        null,
        null,
        1,
        5,
        5,
        null,
        null
      ],
      "/Users/mluukkai/opetus/wadror/mallivastaus/viikko5/app/models/place.rb": [
        1,
        1,
        6,
        null,
        null,
        1,
        0,
        null,
        null,
        1,
        0,
        null,
        null
      ],
      "/Users/mluukkai/opetus/wadror/mallivastaus/viikko5/lib/weather_service.rb": [
        1,
        1,
        0,
        0,
        0,
        0,
        null,
        null
      ],
      "/Users/mluukkai/opetus/wadror/mallivastaus/viikko5/app/controllers/places_controller.rb": [
        1,
        1,
        null,
        null,
        1,
        0,
        null,
        null,
        1,
        3,
        3,
        3,
        3,
        null,
        3,
        null,
        null
      ],
      "/Users/mluukkai/opetus/wadror/mallivastaus/viikko5/app/controllers/ratings_controller.rb": [
        1,
        1,
        2,
        null,
        null,
        1,
        1,
        1,
        null,
        null,
        1,
        1,
        1,
        0,
        1,
        1,
        1,
        null,
        0,
        0,
        null,
        null,
        null,
        1,
        1,
        1,
        1,
        null,
        null
      ],
      "/Users/mluukkai/opetus/wadror/mallivastaus/viikko5/app/controllers/beer_clubs_controller.rb": [
        0,
        0,
        0,
        0,
        0,
        0,
        0,
        0,
        0,
        0,
        0,
        0,
        0,
        0,
        0,
        0,
        0,
        0,
        0,
        0,
        0,
        0,
        0,
        0,
        0,
        0,
        0,
        0,
        0,
        0,
        0,
        0,
        0,
        0,
        0,
        0,
        0,
        0,
        0,
        0,
        0,
        0,
        0,
        0,
        0,
        0,
        0,
        0,
        0,
        0,
        0,
        0,
        0,
        0,
        0,
        0,
        0,
        0,
        0,
        0,
        0,
        0,
        0,
        0,
        0,
        0,
        0,
        0,
        0,
        0,
        0,
        0,
        0,
        0,
        0,
        0,
        0,
        0,
        0,
        0,
        0
      ],
      "/Users/mluukkai/opetus/wadror/mallivastaus/viikko5/app/controllers/memberships_controller.rb": [
        0,
        0,
        0,
        0,
        0,
        0,
        0,
        0,
        0,
        0,
        0,
        0,
        0,
        0,
        0,
        0,
        0,
        0,
        0,
        0,
        0,
        0,
        0,
        0,
        0,
        0,
        0,
        0,
        0,
        0,
        0,
        0,
        0,
        0,
        0,
        0,
        0,
        0,
        0,
        0,
        0,
        0,
        0,
        0,
        0,
        0,
        0,
        0,
        0,
        0,
        0,
        0,
        0,
        0,
        0,
        0,
        0,
        0,
        0,
        0,
        0,
        0,
        0,
        0,
        0,
        0,
        0,
        0,
        0,
        0,
        0,
        0,
        0,
        0,
        0,
        0,
        0,
        0
      ],
      "/Users/mluukkai/opetus/wadror/mallivastaus/viikko5/app/models/weather.rb": [
        0,
        0,
        0,
        0,
        0,
        0,
        0,
        0,
        0,
        0
      ]
    },
    "timestamp": 1487584496
  }
}
